-------------------------------------------------------------------------------
Test set: com.example.usermanagement.UsermanagementApplicationTests
-------------------------------------------------------------------------------
Tests run: 1, Failures: 0, Errors: 1, Skipped: 0, Time elapsed: 7.911 s <<< FAILURE! - in com.example.usermanagement.UsermanagementApplicationTests
createUser  Time elapsed: 0.31 s  <<< ERROR!
java.lang.UnsupportedOperationException
	at com.example.usermanagement.UsermanagementApplicationTests.createUser(UsermanagementApplicationTests.java:31)

